Arguments: 
  /Users/rudihinds/.nvm/versions/node/v12.9.0/bin/node /usr/local/Cellar/yarn/1.17.3/libexec/bin/yarn.js add react-stripe-element

PATH: 
  /Users/rudihinds/.rvm/gems/ruby-2.6.1/bin:/Users/rudihinds/.rvm/gems/ruby-2.6.1@global/bin:/Users/rudihinds/.rvm/rubies/ruby-2.6.1/bin:/Users/rudihinds/.rvm/bin:/Users/rudihinds/.nvm/versions/node/v12.9.0/bin:/usr/local/bin:/usr/bin:/bin:/usr/sbin:/sbin

Yarn version: 
  1.17.3

Node version: 
  12.9.0

Platform: 
  darwin x64

Trace: 
  Error: https://registry.yarnpkg.com/react-stripe-element: Not found
      at Request.params.callback [as _callback] (/usr/local/Cellar/yarn/1.17.3/libexec/lib/cli.js:66830:18)
      at Request.self.callback (/usr/local/Cellar/yarn/1.17.3/libexec/lib/cli.js:140464:22)
      at Request.emit (events.js:209:13)
      at Request.<anonymous> (/usr/local/Cellar/yarn/1.17.3/libexec/lib/cli.js:141436:10)
      at Request.emit (events.js:209:13)
      at IncomingMessage.<anonymous> (/usr/local/Cellar/yarn/1.17.3/libexec/lib/cli.js:141358:12)
      at Object.onceWrapper (events.js:297:20)
      at IncomingMessage.emit (events.js:214:15)
      at endReadableNT (_stream_readable.js:1178:12)
      at processTicksAndRejections (internal/process/task_queues.js:77:11)

npm manifest: 
  No manifest

yarn manifest: 
  No manifest

Lockfile: 
  No lockfile
